[     936ms] [WARNING] iso_swr: SSR fetch failed for "/v1/dashboard/projects/pulse?teamId=lucas-projects-60a50c61" {error: iso_swr_fetch_error, message: The request is missing an authentication token} @ https://vercel.com/lucas-projects-60a50c61/pulse/38qv9dWoBxeGQKLXYmPPCJgHJ45a:1465
[     938ms] [WARNING] iso_swr: SSR fetch failed for "/api/v2/teams/lucas-projects-60a50c61" {error: iso_swr_fetch_error, message: The request is missing an authentication token} @ https://vercel.com/lucas-projects-60a50c61/pulse/38qv9dWoBxeGQKLXYmPPCJgHJ45a:1465
[     939ms] [WARNING] iso_swr: SSR fetch failed for "/api/v9/projects/pulse?latestDeployments=0&rollbackInfo=true&teamId=lucas-projects-60a50c61" {error: iso_swr_fetch_error, message: The request is missing an authentication token} @ https://vercel.com/lucas-projects-60a50c61/pulse/38qv9dWoBxeGQKLXYmPPCJgHJ45a:1465
[     939ms] [WARNING] iso_swr: SSR fetch failed for "/v1/dashboard/deployments/dpl_38qv9dWoBxeGQKLXYmPPCJgHJ45a?includeDeleted=true&projectName=pulse&teamId=lucas-projects-60a50c61" {error: iso_swr_fetch_error, message: The request is missing an authentication token} @ https://vercel.com/lucas-projects-60a50c61/pulse/38qv9dWoBxeGQKLXYmPPCJgHJ45a:1465
[    1100ms] [WARNING] iso_swr: SSR fetch failed for "/api/dashboard/deployments/dpl_38qv9dWoBxeGQKLXYmPPCJgHJ45a?includeDeleted=true&projectName=pulse&teamId=lucas-projects-60a50c61" {error: iso_swr_fetch_error, message: The request is missing an authentication token} @ https://vercel.com/lucas-projects-60a50c61/pulse/38qv9dWoBxeGQKLXYmPPCJgHJ45a:2320
[    1630ms] [LOG] %c
▲

    ____                               _ __
   / __ \________  ____ _____ ___     (_) /_
  / / / / ___/ _ \/ __ `/ __ `__ \   / / __/
 / /_/ / /  /  __/ /_/ / / / / / /  / / /__
/_____/_/   \___/\__,_/_/ /_/ /_/  /_/\__( )
   _____ __    _          _ __           |/
  / ___// /_  (_)___     (_) /_
  \__ \/ __ \/ / __ \   / / __/
 ___/ / / / / / /_/ /  / / /_
/____/_/ /_/_/ .___/  /_/\__/
            /_/
  

Hello!

- Open Source https://vercel.com/oss
- Careers https://vercel.com/careers
- Status https://vercel-status.com

 font-family: "Geist Mono", monospace; white-space: pre; line-height: 1; @ https://vercel.com/_next/static/immutable/chunks/09cizcx7bxmnn.js:78
[    4267ms] [LOG] %c
▲

__  __                                     _            __
\ \/ /___  __  __   _________ _____       (_)_  _______/ /_
 \  / __ \/ / / /  / ___/ __ `/ __ \     / / / / / ___/ __/
 / / /_/ / /_/ /  / /__/ /_/ / / / /    / / /_/ (__  ) /_
/_/\____/\__,_/   \___/\__,_/_/ /_/  __/ /\__,_/____/\__/
         __    _          __  __    /___/
   _____/ /_  (_)___     / /_/ /_  (_)___  ____ ______
  / ___/ __ \/ / __ \   / __/ __ \/ / __ \/ __ `/ ___/
 (__  ) / / / / /_/ /  / /_/ / / / / / / / /_/ (__  )
/____/_/ /_/_/ .___/   \__/_/ /_/_/_/ /_/\__, /____/
            /_/                         /____/
  

Hello!

- Open Source https://vercel.com/oss
- Careers https://vercel.com/careers
- Status https://vercel-status.com

 font-family: "Geist Mono", monospace; white-space: pre; line-height: 1; @ https://vercel.com/_next/static/immutable/chunks/09cizcx7bxmnn.js:78
[    5020ms] [ERROR] Failed to load resource: the server responded with a status of 403 () @ https://vercel.com/api/jwt:0
[    5208ms] [WARNING] [GSI_LOGGER]: Your client application uses one of the Google One Tap prompt UI status methods that may stop functioning when FedCM becomes mandatory. Refer to the migration guide to update your code accordingly and opt-in to FedCM to test your changes. Learn more: https://developers.google.com/identity/gsi/web/guides/fedcm-migration?s=dc#display_moment and https://developers.google.com/identity/gsi/web/guides/fedcm-migration?s=dc#skipped_moment @ https://accounts.google.com/gsi/client:86
[    5247ms] [ERROR] Not signed in with the identity provider. @ https://vercel.com/login?next=%2Flucas-projects-60a50c61%2Fpulse%2F38qv9dWoBxeGQKLXYmPPCJgHJ45a:0
[    6009ms] [WARNING] Deprecated API for given entry type. @ https://vercel.com/_next/static/immutable/chunks/30boi8e69jjip.js:18
[    9416ms] [WARNING] The resource https://vercel.com/_next/static/immutable/chunks/3l1vkaiao2o7o.css was preloaded using link preload but not used within a few seconds from the window's load event. Please make sure it has an appropriate `as` value and it is preloaded intentionally. @ https://vercel.com/login?next=%2Flucas-projects-60a50c61%2Fpulse%2F38qv9dWoBxeGQKLXYmPPCJgHJ45a:0
[    9417ms] [WARNING] The resource https://vercel.com/_next/static/immutable/chunks/0u-dowah2uvp-.css was preloaded using link preload but not used within a few seconds from the window's load event. Please make sure it has an appropriate `as` value and it is preloaded intentionally. @ https://vercel.com/login?next=%2Flucas-projects-60a50c61%2Fpulse%2F38qv9dWoBxeGQKLXYmPPCJgHJ45a:0
[    9417ms] [WARNING] The resource https://vercel.com/_next/static/immutable/chunks/1_-gzlz1lfys2.css was preloaded using link preload but not used within a few seconds from the window's load event. Please make sure it has an appropriate `as` value and it is preloaded intentionally. @ https://vercel.com/login?next=%2Flucas-projects-60a50c61%2Fpulse%2F38qv9dWoBxeGQKLXYmPPCJgHJ45a:0
[    9418ms] [WARNING] The resource https://vercel.com/_next/static/immutable/chunks/3m88gd-sogt5t.css was preloaded using link preload but not used within a few seconds from the window's load event. Please make sure it has an appropriate `as` value and it is preloaded intentionally. @ https://vercel.com/login?next=%2Flucas-projects-60a50c61%2Fpulse%2F38qv9dWoBxeGQKLXYmPPCJgHJ45a:0
[   18573ms] [WARNING] The resource https://vercel.com/_next/static/immutable/chunks/3l1vkaiao2o7o.css was preloaded using link preload but not used within a few seconds from the window's load event. Please make sure it has an appropriate `as` value and it is preloaded intentionally. @ https://vercel.com/login?next=%2Flucas-projects-60a50c61%2Fpulse%2F38qv9dWoBxeGQKLXYmPPCJgHJ45a:0
[   18573ms] [WARNING] The resource https://vercel.com/_next/static/immutable/chunks/0u-dowah2uvp-.css was preloaded using link preload but not used within a few seconds from the window's load event. Please make sure it has an appropriate `as` value and it is preloaded intentionally. @ https://vercel.com/login?next=%2Flucas-projects-60a50c61%2Fpulse%2F38qv9dWoBxeGQKLXYmPPCJgHJ45a:0
[   18573ms] [WARNING] The resource https://vercel.com/_next/static/immutable/chunks/1_-gzlz1lfys2.css was preloaded using link preload but not used within a few seconds from the window's load event. Please make sure it has an appropriate `as` value and it is preloaded intentionally. @ https://vercel.com/login?next=%2Flucas-projects-60a50c61%2Fpulse%2F38qv9dWoBxeGQKLXYmPPCJgHJ45a:0
[   18573ms] [WARNING] The resource https://vercel.com/_next/static/immutable/chunks/3m88gd-sogt5t.css was preloaded using link preload but not used within a few seconds from the window's load event. Please make sure it has an appropriate `as` value and it is preloaded intentionally. @ https://vercel.com/login?next=%2Flucas-projects-60a50c61%2Fpulse%2F38qv9dWoBxeGQKLXYmPPCJgHJ45a:0
